<?xml version="1.0" encoding="UTF-8"?>
<testsuite name="model.LibTest" tests="2" skipped="0" failures="0" errors="0" timestamp="2020-06-07T16:27:42" hostname="DESKTOP-KCQUQ2C" time="0.025">
  <properties/>
  <testcase name="factorialTest1()" classname="model.LibTest" time="0.023"/>
  <testcase name="factorialTest2()" classname="model.LibTest" time="0.001"/>
  <system-out><![CDATA[]]></system-out>
  <system-err><![CDATA[]]></system-err>
</testsuite>
